[2016-10-17 19:09:28.232 MAIN] OzWeb500Server launched.
[2016-10-17 19:09:28.232 MAIN] Client available at: http://JonSnow:8001
[2016-10-17 19:09:28.232 SOCK] Web Socket Server started.
[2016-10-17 19:09:28.232 HTTP] HTTP Server started.
[2016-10-17 19:09:28.232 GAME] Game State is 'waiting for full seats'
[2016-10-17 19:09:28.232 MAIN] Pinging Clients.
[2016-10-17 19:09:28.902 SOCK] 192.168.1.7-51781: New socket connection.
[2016-10-17 19:09:28.913 SOCK] 192.168.1.7-51782: New socket connection.
[2016-10-17 19:09:28.924 SOCK] 192.168.1.7-51783: New socket connection.
[2016-10-17 19:09:28.936 SOCK] 192.168.1.7-51784: New socket connection.
[2016-10-17 19:09:33.007 SOCK] 192.168.1.7-51784: Username accepted (Podrick).
[2016-10-17 19:09:33.783 SOCK] Podrick sat in seat 1.
[2016-10-17 19:09:33.784 GAME] Waiting for more players.
[2016-10-17 19:09:33.791 SOCK] 192.168.1.7-51782: Username accepted (Syrio).
[2016-10-17 19:09:34.177 SOCK] 192.168.1.7-51781: Username accepted (Quentyn).
[2016-10-17 19:09:35.406 SOCK] 192.168.1.7-51783: Username accepted (Missandei).
[2016-10-17 19:09:36.271 SOCK] Missandei sat in seat 2.
[2016-10-17 19:09:36.271 GAME] Waiting for more players.
[2016-10-17 19:09:39.623 SOCK] Syrio sat in seat 3.
[2016-10-17 19:09:39.623 GAME] Waiting for more players.
[2016-10-17 19:09:41.101 SOCK] Quentyn sat in seat 4.
[2016-10-17 19:09:41.101 GAME] Four players are sitting.
[2016-10-17 19:09:41.102 GAME] Emptying the player's hands.
[2016-10-17 19:09:41.102 GAME] Initialising and shuffling the game deck.
[2016-10-17 19:09:41.106 GAME] Dealing for Missandei to Syrio.
[2016-10-17 19:09:41.110 GAME] Just dealt to Syrio.
[2016-10-17 19:09:42.122 GAME] Just dealt to Syrio.
[2016-10-17 19:09:43.129 GAME] Just dealt to Syrio.
[2016-10-17 19:09:44.140 GAME] Just dealt to Quentyn.
[2016-10-17 19:09:45.144 GAME] Just dealt to Quentyn.
[2016-10-17 19:09:46.159 GAME] Just dealt to Quentyn.
[2016-10-17 19:09:47.180 GAME] Just dealt to Podrick.
[2016-10-17 19:09:48.185 GAME] Just dealt to Podrick.
[2016-10-17 19:09:49.195 GAME] Just dealt to Podrick.
[2016-10-17 19:09:50.204 GAME] Just dealt to Missandei.
[2016-10-17 19:09:51.210 GAME] Just dealt to Missandei.
[2016-10-17 19:09:52.220 GAME] Just dealt to Missandei.
[2016-10-17 19:09:53.496 GAME] Just dealt to Syrio.
[2016-10-17 19:09:54.503 GAME] Just dealt to Syrio.
[2016-10-17 19:09:55.511 GAME] Just dealt to Syrio.
[2016-10-17 19:09:56.535 GAME] Just dealt to Syrio.
[2016-10-17 19:09:57.543 GAME] Just dealt to Quentyn.
[2016-10-17 19:09:58.239 GAME] Game State is 'dealing to players'
[2016-10-17 19:09:58.239 MAIN] Pinging Clients.
[2016-10-17 19:09:58.562 GAME] Just dealt to Quentyn.
[2016-10-17 19:09:59.581 GAME] Just dealt to Quentyn.
[2016-10-17 19:10:00.591 GAME] Just dealt to Quentyn.
[2016-10-17 19:10:01.604 GAME] Just dealt to Podrick.
[2016-10-17 19:10:02.626 GAME] Just dealt to Podrick.
[2016-10-17 19:10:03.645 GAME] Just dealt to Podrick.
[2016-10-17 19:10:04.661 GAME] Just dealt to Podrick.
[2016-10-17 19:10:05.683 GAME] Just dealt to Missandei.
[2016-10-17 19:10:06.694 GAME] Just dealt to Missandei.
[2016-10-17 19:10:07.702 GAME] Just dealt to Missandei.
[2016-10-17 19:10:08.717 GAME] Just dealt to Missandei.
[2016-10-17 19:10:09.994 GAME] Just dealt to Syrio.
[2016-10-17 19:10:11.007 GAME] Just dealt to Syrio.
[2016-10-17 19:10:12.027 GAME] Just dealt to Syrio.
[2016-10-17 19:10:13.044 GAME] Just dealt to Quentyn.
[2016-10-17 19:10:14.056 GAME] Just dealt to Quentyn.
[2016-10-17 19:10:15.074 GAME] Just dealt to Quentyn.
[2016-10-17 19:10:16.084 GAME] Just dealt to Podrick.
[2016-10-17 19:10:17.099 GAME] Just dealt to Podrick.
[2016-10-17 19:10:18.113 GAME] Just dealt to Podrick.
[2016-10-17 19:10:19.126 GAME] Just dealt to Missandei.
[2016-10-17 19:10:20.142 GAME] Just dealt to Missandei.
[2016-10-17 19:10:21.163 GAME] Just dealt to Missandei.
[2016-10-17 19:10:22.436 GAME] Syrio's bid.
[2016-10-17 19:10:28.254 GAME] Game State is 'waiting for winning bid'
[2016-10-17 19:10:28.254 MAIN] Pinging Clients.
[2016-10-17 19:10:48.175 SOCK] 192.168.1.7-51783: Socket connection disconnected.
[2016-10-17 19:10:48.608 SOCK] 192.168.1.7-51800: New socket connection.
[2016-10-17 19:10:48.682 SOCK] 192.168.1.7-51782: Socket connection disconnected.
[2016-10-17 19:10:48.952 SOCK] 192.168.1.7-51809: New socket connection.
[2016-10-17 19:10:49.113 SOCK] 192.168.1.7-51781: Socket connection disconnected.
[2016-10-17 19:10:49.371 SOCK] 192.168.1.7-51818: New socket connection.
[2016-10-17 19:10:49.435 SOCK] 192.168.1.7-51784: Socket connection disconnected.
[2016-10-17 19:10:49.688 SOCK] 192.168.1.7-51827: New socket connection.
[2016-10-17 19:10:52.761 SOCK] 192.168.1.7-51809: Username accepted (Syrio).
[2016-10-17 19:10:53.521 SOCK] 192.168.1.7-51818: Username accepted (Doran).
[2016-10-17 19:10:54.399 SOCK] 192.168.1.7-51827: Username accepted (Brandon).
[2016-10-17 19:10:55.741 SOCK] 192.168.1.7-51800: Username accepted (Tywin).
[2016-10-17 19:10:55.807 SOCK] Doran sat in seat 1.
[2016-10-17 19:10:55.807 GAME] Waiting for more players.
[2016-10-17 19:10:56.356 SOCK] Brandon sat in seat 2.
[2016-10-17 19:10:56.356 GAME] Waiting for more players.
[2016-10-17 19:10:56.456 SOCK] Tywin sat in seat 3.
[2016-10-17 19:10:56.456 GAME] Waiting for more players.
[2016-10-17 19:10:58.258 GAME] Game State is 'waiting for full seats'
[2016-10-17 19:10:58.258 MAIN] Pinging Clients.
[2016-10-17 19:10:58.916 SOCK] Syrio sat in seat 4.
[2016-10-17 19:10:58.916 GAME] Four players are sitting.
[2016-10-17 19:10:58.916 GAME] Emptying the player's hands.
[2016-10-17 19:10:58.917 GAME] Initialising and shuffling the game deck.
[2016-10-17 19:10:58.920 GAME] Dealing for Doran to Brandon.
[2016-10-17 19:10:58.925 GAME] Just dealt to Brandon.
[2016-10-17 19:10:59.929 GAME] Just dealt to Brandon.
[2016-10-17 19:11:00.938 GAME] Just dealt to Brandon.
[2016-10-17 19:11:01.942 GAME] Just dealt to Tywin.
[2016-10-17 19:11:02.956 GAME] Just dealt to Tywin.
[2016-10-17 19:11:03.963 GAME] Just dealt to Tywin.
[2016-10-17 19:11:04.986 GAME] Just dealt to Syrio.
[2016-10-17 19:11:05.991 GAME] Just dealt to Syrio.
[2016-10-17 19:11:07.006 GAME] Just dealt to Syrio.
[2016-10-17 19:11:08.023 GAME] Just dealt to Doran.
[2016-10-17 19:11:09.028 GAME] Just dealt to Doran.
[2016-10-17 19:11:10.045 GAME] Just dealt to Doran.
[2016-10-17 19:11:11.333 GAME] Just dealt to Brandon.
[2016-10-17 19:11:12.344 GAME] Just dealt to Brandon.
[2016-10-17 19:11:13.362 GAME] Just dealt to Brandon.
[2016-10-17 19:11:14.383 GAME] Just dealt to Brandon.
[2016-10-17 19:11:15.395 GAME] Just dealt to Tywin.
[2016-10-17 19:11:16.402 GAME] Just dealt to Tywin.
[2016-10-17 19:11:17.414 GAME] Just dealt to Tywin.
[2016-10-17 19:11:18.424 GAME] Just dealt to Tywin.
[2016-10-17 19:11:19.433 GAME] Just dealt to Syrio.
[2016-10-17 19:11:20.451 GAME] Just dealt to Syrio.
[2016-10-17 19:11:21.458 GAME] Just dealt to Syrio.
[2016-10-17 19:11:22.474 GAME] Just dealt to Syrio.
[2016-10-17 19:11:23.484 GAME] Just dealt to Doran.
[2016-10-17 19:11:24.497 GAME] Just dealt to Doran.
[2016-10-17 19:11:25.515 GAME] Just dealt to Doran.
[2016-10-17 19:11:26.532 GAME] Just dealt to Doran.
[2016-10-17 19:11:27.815 GAME] Just dealt to Brandon.
[2016-10-17 19:11:28.277 GAME] Game State is 'dealing to players'
[2016-10-17 19:11:28.277 MAIN] Pinging Clients.
[2016-10-17 19:11:28.822 GAME] Just dealt to Brandon.
[2016-10-17 19:11:29.834 GAME] Just dealt to Brandon.
[2016-10-17 19:11:30.852 GAME] Just dealt to Tywin.
[2016-10-17 19:11:31.875 GAME] Just dealt to Tywin.
[2016-10-17 19:11:32.891 GAME] Just dealt to Tywin.
[2016-10-17 19:11:33.914 GAME] Just dealt to Syrio.
[2016-10-17 19:11:34.926 GAME] Just dealt to Syrio.
[2016-10-17 19:11:35.949 GAME] Just dealt to Syrio.
[2016-10-17 19:11:36.962 GAME] Just dealt to Doran.
[2016-10-17 19:11:37.971 GAME] Just dealt to Doran.
[2016-10-17 19:11:38.989 GAME] Just dealt to Doran.
[2016-10-17 19:11:40.264 GAME] Brandon's bid.
[2016-10-17 19:11:58.291 GAME] Game State is 'waiting for winning bid'
[2016-10-17 19:11:58.292 MAIN] Pinging Clients.
[2016-10-17 19:12:28.300 GAME] Game State is 'waiting for winning bid'
[2016-10-17 19:12:28.301 MAIN] Pinging Clients.
[2016-10-17 19:12:58.310 GAME] Game State is 'waiting for winning bid'
[2016-10-17 19:12:58.310 MAIN] Pinging Clients.
[2016-10-17 19:13:28.318 GAME] Game State is 'waiting for winning bid'
[2016-10-17 19:13:28.319 MAIN] Pinging Clients.
[2016-10-17 19:13:58.324 GAME] Game State is 'waiting for winning bid'
[2016-10-17 19:13:58.324 MAIN] Pinging Clients.
[2016-10-17 19:14:28.326 GAME] Game State is 'waiting for winning bid'
[2016-10-17 19:14:28.327 MAIN] Pinging Clients.
[2016-10-17 19:14:58.342 GAME] Game State is 'waiting for winning bid'
[2016-10-17 19:14:58.343 MAIN] Pinging Clients.
[2016-10-17 19:15:28.351 GAME] Game State is 'waiting for winning bid'
[2016-10-17 19:15:28.351 MAIN] Pinging Clients.
[2016-10-17 19:15:38.833 SOCK] 192.168.1.7-51800: Socket connection disconnected.
[2016-10-17 19:15:39.257 SOCK] 192.168.1.7-51848: New socket connection.
[2016-10-17 19:15:39.330 SOCK] 192.168.1.7-51809: Socket connection disconnected.
[2016-10-17 19:15:39.595 SOCK] 192.168.1.7-51857: New socket connection.
[2016-10-17 19:15:39.766 SOCK] 192.168.1.7-51818: Socket connection disconnected.
[2016-10-17 19:15:40.027 SOCK] 192.168.1.7-51866: New socket connection.
[2016-10-17 19:15:40.186 SOCK] 192.168.1.7-51827: Socket connection disconnected.
[2016-10-17 19:15:40.458 SOCK] 192.168.1.7-51875: New socket connection.
[2016-10-17 19:15:43.039 SOCK] 192.168.1.7-51848: Username accepted (Stannis).
[2016-10-17 19:15:43.890 SOCK] 192.168.1.7-51857: Username accepted (Illyrio).
[2016-10-17 19:15:44.170 SOCK] Illyrio sat in seat 1.
[2016-10-17 19:15:44.171 GAME] Waiting for more players.
[2016-10-17 19:15:45.994 SOCK] 192.168.1.7-51875: Username accepted (Eddard).
[2016-10-17 19:15:47.424 SOCK] 192.168.1.7-51866: Username accepted (Joffrey).
[2016-10-17 19:15:47.962 SOCK] Stannis sat in seat 2.
[2016-10-17 19:15:47.962 GAME] Waiting for more players.
[2016-10-17 19:15:48.211 SOCK] Joffrey sat in seat 3.
[2016-10-17 19:15:48.211 GAME] Waiting for more players.
[2016-10-17 19:15:49.688 SOCK] Eddard sat in seat 4.
[2016-10-17 19:15:49.688 GAME] Four players are sitting.
[2016-10-17 19:15:49.688 GAME] Emptying the player's hands.
[2016-10-17 19:15:49.691 GAME] Initialising and shuffling the game deck.
[2016-10-17 19:15:49.694 GAME] Dealing for Illyrio to Stannis.
[2016-10-17 19:15:49.704 GAME] Just dealt to Stannis.
[2016-10-17 19:15:50.707 GAME] Just dealt to Stannis.
[2016-10-17 19:15:51.710 GAME] Just dealt to Stannis.
[2016-10-17 19:15:52.721 GAME] Just dealt to Joffrey.
[2016-10-17 19:15:53.723 GAME] Just dealt to Joffrey.
[2016-10-17 19:15:54.740 GAME] Just dealt to Joffrey.
[2016-10-17 19:15:55.750 GAME] Just dealt to Eddard.
[2016-10-17 19:15:56.762 GAME] Just dealt to Eddard.
[2016-10-17 19:15:57.779 GAME] Just dealt to Eddard.
[2016-10-17 19:15:58.360 GAME] Game State is 'dealing to players'
[2016-10-17 19:15:58.360 MAIN] Pinging Clients.
[2016-10-17 19:15:58.790 GAME] Just dealt to Illyrio.
[2016-10-17 19:15:59.807 GAME] Just dealt to Illyrio.
[2016-10-17 19:16:00.816 GAME] Just dealt to Illyrio.
[2016-10-17 19:16:02.082 GAME] Just dealt to Stannis.
[2016-10-17 19:16:03.098 GAME] Just dealt to Stannis.
[2016-10-17 19:16:04.106 GAME] Just dealt to Stannis.
[2016-10-17 19:16:05.124 GAME] Just dealt to Stannis.
[2016-10-17 19:16:06.140 GAME] Just dealt to Joffrey.
[2016-10-17 19:16:07.159 GAME] Just dealt to Joffrey.
[2016-10-17 19:16:08.165 GAME] Just dealt to Joffrey.
[2016-10-17 19:16:09.181 GAME] Just dealt to Joffrey.
[2016-10-17 19:16:10.201 GAME] Just dealt to Eddard.
[2016-10-17 19:16:11.207 GAME] Just dealt to Eddard.
[2016-10-17 19:16:12.215 GAME] Just dealt to Eddard.
[2016-10-17 19:16:13.233 GAME] Just dealt to Eddard.
[2016-10-17 19:16:14.241 GAME] Just dealt to Illyrio.
[2016-10-17 19:16:15.252 GAME] Just dealt to Illyrio.
[2016-10-17 19:16:16.266 GAME] Just dealt to Illyrio.
[2016-10-17 19:16:17.284 GAME] Just dealt to Illyrio.
[2016-10-17 19:16:18.575 GAME] Just dealt to Stannis.
[2016-10-17 19:16:19.593 GAME] Just dealt to Stannis.
[2016-10-17 19:16:20.603 GAME] Just dealt to Stannis.
[2016-10-17 19:16:21.612 GAME] Just dealt to Joffrey.
[2016-10-17 19:16:22.624 GAME] Just dealt to Joffrey.
[2016-10-17 19:16:23.648 GAME] Just dealt to Joffrey.
[2016-10-17 19:16:24.670 GAME] Just dealt to Eddard.
[2016-10-17 19:16:25.683 GAME] Just dealt to Eddard.
[2016-10-17 19:16:26.693 GAME] Just dealt to Eddard.
[2016-10-17 19:16:27.716 GAME] Just dealt to Illyrio.
[2016-10-17 19:16:28.363 GAME] Game State is 'dealing to players'
[2016-10-17 19:16:28.363 MAIN] Pinging Clients.
[2016-10-17 19:16:28.733 GAME] Just dealt to Illyrio.
[2016-10-17 19:16:29.752 GAME] Just dealt to Illyrio.
[2016-10-17 19:16:31.028 GAME] Stannis's bid.
[2016-10-17 19:16:58.384 GAME] Game State is 'waiting for winning bid'
[2016-10-17 19:16:58.384 MAIN] Pinging Clients.
[2016-10-17 19:17:03.840 SOCK] 192.168.1.7-51848: Socket connection disconnected.
[2016-10-17 19:17:04.177 SOCK] 192.168.1.7-51857: Socket connection disconnected.
[2016-10-17 19:17:04.262 SOCK] 192.168.1.7-51897: New socket connection.
[2016-10-17 19:17:04.430 SOCK] 192.168.1.7-51898: New socket connection.
[2016-10-17 19:17:04.548 SOCK] 192.168.1.7-51866: Socket connection disconnected.
[2016-10-17 19:17:04.839 SOCK] 192.168.1.7-51902: New socket connection.
[2016-10-17 19:17:04.880 SOCK] 192.168.1.7-51875: Socket connection disconnected.
[2016-10-17 19:17:05.128 SOCK] 192.168.1.7-51912: New socket connection.
[2016-10-17 19:17:09.644 SOCK] 192.168.1.7-51912: Username accepted (Meera).
[2016-10-17 19:17:11.512 SOCK] 192.168.1.7-51902: Username accepted (Cersei).
[2016-10-17 19:17:12.026 SOCK] 192.168.1.7-51898: Username accepted (Lysa).
[2016-10-17 19:17:12.410 SOCK] Meera sat in seat 1.
[2016-10-17 19:17:12.410 GAME] Waiting for more players.
[2016-10-17 19:17:12.814 SOCK] Cersei sat in seat 2.
[2016-10-17 19:17:12.815 GAME] Waiting for more players.
[2016-10-17 19:17:13.313 SOCK] 192.168.1.7-51897: Username accepted (Lyanna).
[2016-10-17 19:17:15.323 SOCK] Lyanna sat in seat 3.
[2016-10-17 19:17:15.324 GAME] Waiting for more players.
[2016-10-17 19:17:17.148 SOCK] Lysa sat in seat 4.
[2016-10-17 19:17:17.148 GAME] Four players are sitting.
[2016-10-17 19:17:17.149 GAME] Emptying the player's hands.
[2016-10-17 19:17:17.150 GAME] Initialising and shuffling the game deck.
[2016-10-17 19:17:17.153 GAME] Dealing for Meera to Cersei.
[2016-10-17 19:17:17.158 GAME] Just dealt to Cersei.
[2016-10-17 19:17:18.165 GAME] Just dealt to Cersei.
[2016-10-17 19:17:19.179 GAME] Just dealt to Cersei.
[2016-10-17 19:17:20.200 GAME] Just dealt to Lyanna.
[2016-10-17 19:17:21.207 GAME] Just dealt to Lyanna.
[2016-10-17 19:17:22.212 GAME] Just dealt to Lyanna.
[2016-10-17 19:17:23.229 GAME] Just dealt to Lysa.
[2016-10-17 19:17:24.240 GAME] Just dealt to Lysa.
[2016-10-17 19:17:25.258 GAME] Just dealt to Lysa.
[2016-10-17 19:17:26.267 GAME] Just dealt to Meera.
[2016-10-17 19:17:27.272 GAME] Just dealt to Meera.
[2016-10-17 19:17:28.292 GAME] Just dealt to Meera.
[2016-10-17 19:17:28.384 GAME] Game State is 'dealing to players'
[2016-10-17 19:17:28.385 MAIN] Pinging Clients.
[2016-10-17 19:17:29.563 GAME] Just dealt to Cersei.
[2016-10-17 19:17:30.574 GAME] Just dealt to Cersei.
[2016-10-17 19:17:31.589 GAME] Just dealt to Cersei.
[2016-10-17 19:17:32.597 GAME] Just dealt to Cersei.
[2016-10-17 19:17:33.616 GAME] Just dealt to Lyanna.
[2016-10-17 19:17:34.626 GAME] Just dealt to Lyanna.
[2016-10-17 19:17:35.644 GAME] Just dealt to Lyanna.
[2016-10-17 19:17:36.665 GAME] Just dealt to Lyanna.
[2016-10-17 19:17:37.682 GAME] Just dealt to Lysa.
[2016-10-17 19:17:38.700 GAME] Just dealt to Lysa.
[2016-10-17 19:17:39.719 GAME] Just dealt to Lysa.
[2016-10-17 19:17:40.735 GAME] Just dealt to Lysa.
[2016-10-17 19:17:41.754 GAME] Just dealt to Meera.
[2016-10-17 19:17:42.769 GAME] Just dealt to Meera.
[2016-10-17 19:17:43.780 GAME] Just dealt to Meera.
[2016-10-17 19:17:44.798 GAME] Just dealt to Meera.
[2016-10-17 19:17:46.074 GAME] Just dealt to Cersei.
[2016-10-17 19:17:47.086 GAME] Just dealt to Cersei.
[2016-10-17 19:17:48.105 GAME] Just dealt to Cersei.
[2016-10-17 19:17:49.117 GAME] Just dealt to Lyanna.
[2016-10-17 19:17:50.136 GAME] Just dealt to Lyanna.
[2016-10-17 19:17:51.148 GAME] Just dealt to Lyanna.
[2016-10-17 19:17:52.161 GAME] Just dealt to Lysa.
[2016-10-17 19:17:53.174 GAME] Just dealt to Lysa.
[2016-10-17 19:17:54.193 GAME] Just dealt to Lysa.
[2016-10-17 19:17:55.213 GAME] Just dealt to Meera.
[2016-10-17 19:17:56.226 GAME] Just dealt to Meera.
[2016-10-17 19:17:57.248 GAME] Just dealt to Meera.
[2016-10-17 19:17:58.386 GAME] Game State is 'dealing to players'
[2016-10-17 19:17:58.387 MAIN] Pinging Clients.
[2016-10-17 19:17:58.518 GAME] Cersei's bid.
[2016-10-17 19:18:28.393 GAME] Game State is 'waiting for winning bid'
[2016-10-17 19:18:28.393 MAIN] Pinging Clients.
[2016-10-17 19:18:58.394 GAME] Game State is 'waiting for winning bid'
[2016-10-17 19:18:58.394 MAIN] Pinging Clients.
[2016-10-17 19:19:28.396 GAME] Game State is 'waiting for winning bid'
[2016-10-17 19:19:28.397 MAIN] Pinging Clients.
[2016-10-17 19:19:58.398 GAME] Game State is 'waiting for winning bid'
[2016-10-17 19:19:58.399 MAIN] Pinging Clients.
[2016-10-17 19:20:28.400 GAME] Game State is 'waiting for winning bid'
[2016-10-17 19:20:28.401 MAIN] Pinging Clients.
[2016-10-17 19:20:58.403 GAME] Game State is 'waiting for winning bid'
[2016-10-17 19:20:58.404 MAIN] Pinging Clients.
[2016-10-17 19:21:28.405 GAME] Game State is 'waiting for winning bid'
[2016-10-17 19:21:28.406 MAIN] Pinging Clients.
[2016-10-17 19:21:57.917 SOCK] 192.168.1.7-51897: Socket connection disconnected.
[2016-10-17 19:21:58.344 SOCK] 192.168.1.7-51996: New socket connection.
[2016-10-17 19:21:58.407 GAME] Game State is 'waiting for full seats'
[2016-10-17 19:21:58.408 MAIN] Pinging Clients.
[2016-10-17 19:22:04.426 SOCK] 192.168.1.7-51996: Username accepted (Brandon).
[2016-10-17 19:22:05.979 SOCK] Brandon sat in seat 3.
[2016-10-17 19:22:05.980 GAME] Four players are sitting.
[2016-10-17 19:22:05.982 GAME] Emptying the player's hands.
[2016-10-17 19:22:05.982 GAME] Initialising and shuffling the game deck.
[2016-10-17 19:22:05.987 GAME] Dealing for Brandon to Lysa.
[2016-10-17 19:22:06.006 GAME] Just dealt to Lysa.
[2016-10-17 19:22:07.015 GAME] Just dealt to Lysa.
[2016-10-17 19:22:08.024 GAME] Just dealt to Lysa.
[2016-10-17 19:22:09.028 GAME] Just dealt to Meera.
[2016-10-17 19:22:10.042 GAME] Just dealt to Meera.
[2016-10-17 19:22:11.058 GAME] Just dealt to Meera.
[2016-10-17 19:22:12.070 GAME] Just dealt to Cersei.
[2016-10-17 19:22:12.609 SOCK] 192.168.1.7-51996: Socket connection disconnected.
[2016-10-17 19:22:13.005 SOCK] 192.168.1.7-52009: New socket connection.
[2016-10-17 19:22:13.071 GAME] Just dealt to Cersei.
[2016-10-17 19:22:14.075 GAME] Just dealt to Cersei.
[2016-10-17 19:22:17.218 SOCK] 192.168.1.7-52009: Username accepted (Jojen).
[2016-10-17 19:22:24.399 SOCK] Jojen sat in seat 3.
[2016-10-17 19:22:24.399 GAME] Four players are sitting.
[2016-10-17 19:22:24.400 GAME] Emptying the player's hands.
[2016-10-17 19:22:24.401 GAME] Initialising and shuffling the game deck.
[2016-10-17 19:22:24.411 GAME] Dealing for Meera to Cersei.
[2016-10-17 19:22:24.429 GAME] Just dealt to Cersei.
[2016-10-17 19:22:25.434 GAME] Just dealt to Cersei.
[2016-10-17 19:22:26.438 GAME] Just dealt to Cersei.
[2016-10-17 19:22:27.445 GAME] Just dealt to Jojen.
[2016-10-17 19:22:28.414 GAME] Game State is 'dealing to players'
[2016-10-17 19:22:28.415 MAIN] Pinging Clients.
[2016-10-17 19:22:28.449 GAME] Just dealt to Jojen.
[2016-10-17 19:22:29.453 GAME] Just dealt to Jojen.
[2016-10-17 19:22:30.460 GAME] Just dealt to Lysa.
[2016-10-17 19:22:31.478 GAME] Just dealt to Lysa.
[2016-10-17 19:22:32.483 GAME] Just dealt to Lysa.
[2016-10-17 19:22:33.488 GAME] Just dealt to Meera.
[2016-10-17 19:22:34.502 GAME] Just dealt to Meera.
[2016-10-17 19:22:35.517 GAME] Just dealt to Meera.
[2016-10-17 19:22:36.797 GAME] Just dealt to Cersei.
[2016-10-17 19:22:37.803 GAME] Just dealt to Cersei.
[2016-10-17 19:22:38.808 GAME] Just dealt to Cersei.
[2016-10-17 19:22:39.814 GAME] Just dealt to Cersei.
[2016-10-17 19:22:40.831 GAME] Just dealt to Jojen.
[2016-10-17 19:22:41.840 GAME] Just dealt to Jojen.
[2016-10-17 19:22:42.858 GAME] Just dealt to Jojen.
[2016-10-17 19:22:43.878 GAME] Just dealt to Jojen.
[2016-10-17 19:22:44.899 GAME] Just dealt to Lysa.
[2016-10-17 19:22:45.915 GAME] Just dealt to Lysa.
[2016-10-17 19:22:46.928 GAME] Just dealt to Lysa.
[2016-10-17 19:22:47.943 GAME] Just dealt to Lysa.
[2016-10-17 19:22:48.960 GAME] Just dealt to Meera.
[2016-10-17 19:22:49.977 GAME] Just dealt to Meera.
[2016-10-17 19:22:50.995 GAME] Just dealt to Meera.
[2016-10-17 19:22:52.011 GAME] Just dealt to Meera.
[2016-10-17 19:22:53.285 GAME] Just dealt to Cersei.
[2016-10-17 19:22:54.298 GAME] Just dealt to Cersei.
[2016-10-17 19:22:55.311 GAME] Just dealt to Cersei.
[2016-10-17 19:22:56.328 GAME] Just dealt to Jojen.
[2016-10-17 19:22:57.345 GAME] Just dealt to Jojen.
[2016-10-17 19:22:58.361 GAME] Just dealt to Jojen.
[2016-10-17 19:22:58.416 GAME] Game State is 'dealing to players'
[2016-10-17 19:22:58.417 MAIN] Pinging Clients.
[2016-10-17 19:22:59.380 GAME] Just dealt to Lysa.
[2016-10-17 19:23:00.393 GAME] Just dealt to Lysa.
[2016-10-17 19:23:01.413 GAME] Just dealt to Lysa.
[2016-10-17 19:23:02.431 GAME] Just dealt to Meera.
[2016-10-17 19:23:03.446 GAME] Just dealt to Meera.
[2016-10-17 19:23:04.464 GAME] Just dealt to Meera.
[2016-10-17 19:23:05.733 GAME] Cersei's bid.
[2016-10-17 19:23:09.221 SOCK] 192.168.1.7-52009: Socket connection disconnected.
[2016-10-17 19:23:09.694 SOCK] 192.168.1.7-52022: New socket connection.
[2016-10-17 19:23:16.276 SOCK] 192.168.1.7-52022: Username accepted (Robin).
[2016-10-17 19:23:18.455 SOCK] Robin sat in seat 3.
[2016-10-17 19:23:18.456 GAME] Four players are sitting.
[2016-10-17 19:23:18.457 GAME] Emptying the player's hands.
[2016-10-17 19:23:18.457 GAME] Initialising and shuffling the game deck.
[2016-10-17 19:23:18.492 GAME] Dealing for Lysa to Meera.
[2016-10-17 19:23:18.498 GAME] Just dealt to Meera.
[2016-10-17 19:23:19.502 GAME] Just dealt to Meera.
[2016-10-17 19:23:20.505 GAME] Just dealt to Meera.
[2016-10-17 19:23:21.509 GAME] Just dealt to Cersei.
[2016-10-17 19:23:22.523 GAME] Just dealt to Cersei.
[2016-10-17 19:23:23.527 GAME] Just dealt to Cersei.
[2016-10-17 19:23:24.532 GAME] Just dealt to Robin.
[2016-10-17 19:23:25.541 GAME] Just dealt to Robin.
[2016-10-17 19:23:26.554 GAME] Just dealt to Robin.
[2016-10-17 19:23:27.572 GAME] Just dealt to Lysa.
[2016-10-17 19:23:28.432 GAME] Game State is 'dealing to players'
[2016-10-17 19:23:28.432 MAIN] Pinging Clients.
[2016-10-17 19:23:28.580 GAME] Just dealt to Lysa.
[2016-10-17 19:23:29.591 GAME] Just dealt to Lysa.
[2016-10-17 19:23:30.865 GAME] Just dealt to Meera.
[2016-10-17 19:23:31.885 GAME] Just dealt to Meera.
[2016-10-17 19:23:32.891 GAME] Just dealt to Meera.
[2016-10-17 19:23:33.909 GAME] Just dealt to Meera.
[2016-10-17 19:23:34.925 GAME] Just dealt to Cersei.
[2016-10-17 19:23:35.940 GAME] Just dealt to Cersei.
[2016-10-17 19:23:36.959 GAME] Just dealt to Cersei.
[2016-10-17 19:23:37.976 GAME] Just dealt to Cersei.
[2016-10-17 19:23:38.992 GAME] Just dealt to Robin.
[2016-10-17 19:23:40.009 GAME] Just dealt to Robin.
[2016-10-17 19:23:41.025 GAME] Just dealt to Robin.
[2016-10-17 19:23:42.038 GAME] Just dealt to Robin.
[2016-10-17 19:23:42.710 SOCK] 192.168.1.7-52022: Socket connection disconnected.
[2016-10-17 19:23:43.039 GAME] Just dealt to Lysa.
[2016-10-17 19:23:43.234 SOCK] 192.168.1.7-52034: New socket connection.
[2016-10-17 19:23:44.040 GAME] Just dealt to Lysa.
[2016-10-17 19:23:45.042 GAME] Just dealt to Lysa.
[2016-10-17 19:23:46.049 GAME] Just dealt to Lysa.
[2016-10-17 19:23:47.301 GAME] Just dealt to Meera.
[2016-10-17 19:23:48.303 GAME] Just dealt to Meera.
[2016-10-17 19:23:49.314 GAME] Just dealt to Meera.
[2016-10-17 19:23:50.000 SOCK] 192.168.1.7-52034: Username accepted (Podrick).
[2016-10-17 19:23:50.329 GAME] Just dealt to Cersei.
[2016-10-17 19:23:51.333 GAME] Just dealt to Cersei.
[2016-10-17 19:23:51.893 SOCK] Podrick sat in seat 3.
[2016-10-17 19:23:51.893 GAME] Four players are sitting.
[2016-10-17 19:23:51.903 GAME] Emptying the player's hands.
[2016-10-17 19:23:51.904 GAME] Initialising and shuffling the game deck.
[2016-10-17 19:23:51.922 GAME] Dealing for Podrick to Lysa.
[2016-10-17 19:23:51.928 GAME] Just dealt to Lysa.
[2016-10-17 19:23:52.348 GAME] Just dealt to Lysa.
[2016-10-17 19:23:52.615 SOCK] 192.168.1.7-52034: Socket connection disconnected.
[2016-10-17 19:23:52.939 GAME] Just dealt to Lysa.
[2016-10-17 19:23:53.356 GAME] Just dealt to Meera.
[2016-10-17 19:23:53.945 GAME] Just dealt to Meera.
[2016-10-17 19:23:54.358 GAME] Just dealt to Meera.
[2016-10-17 19:23:54.950 GAME] Just dealt to Cersei.
[2016-10-17 19:23:55.359 GAME] Just dealt to Cersei.
[2016-10-17 19:23:55.961 GAME] Just dealt to Cersei.
[2016-10-17 19:23:58.443 GAME] Game State is 'waiting for full seats'
[2016-10-17 19:23:58.443 MAIN] Pinging Clients.
[2016-10-17 19:23:59.925 HTTP] JonSnow.home.gateway - "GET /index.html?stop HTTP/1.1" 404 -
[2016-10-17 19:24:05.220 SOCK] 192.168.1.7-52053: New socket connection.
[2016-10-17 19:24:11.279 SOCK] 192.168.1.7-52053: Username accepted (Daenerys).
[2016-10-17 19:24:18.102 SOCK] Daenerys sat in seat 3.
[2016-10-17 19:24:18.103 GAME] Four players are sitting.
[2016-10-17 19:24:18.107 GAME] Emptying the player's hands.
[2016-10-17 19:24:18.108 GAME] Initialising and shuffling the game deck.
[2016-10-17 19:24:18.114 GAME] Dealing for Meera to Cersei.
[2016-10-17 19:24:18.129 GAME] Just dealt to Cersei.
[2016-10-17 19:24:19.135 GAME] Just dealt to Cersei.
[2016-10-17 19:24:20.140 GAME] Just dealt to Cersei.
[2016-10-17 19:24:21.155 GAME] Just dealt to Daenerys.
[2016-10-17 19:24:22.172 GAME] Just dealt to Daenerys.
[2016-10-17 19:24:23.189 GAME] Just dealt to Daenerys.
[2016-10-17 19:24:24.196 GAME] Just dealt to Lysa.
[2016-10-17 19:24:25.212 GAME] Just dealt to Lysa.
[2016-10-17 19:24:26.224 GAME] Just dealt to Lysa.
[2016-10-17 19:24:27.241 GAME] Just dealt to Meera.
[2016-10-17 19:24:28.258 GAME] Just dealt to Meera.
[2016-10-17 19:24:28.448 GAME] Game State is 'dealing to players'
[2016-10-17 19:24:28.449 MAIN] Pinging Clients.
[2016-10-17 19:24:29.274 GAME] Just dealt to Meera.
[2016-10-17 19:24:30.549 GAME] Just dealt to Cersei.
[2016-10-17 19:24:31.561 GAME] Just dealt to Cersei.
[2016-10-17 19:24:32.568 GAME] Just dealt to Cersei.
[2016-10-17 19:24:33.577 GAME] Just dealt to Cersei.
[2016-10-17 19:24:34.593 GAME] Just dealt to Daenerys.
[2016-10-17 19:24:35.609 GAME] Just dealt to Daenerys.
[2016-10-17 19:24:36.625 GAME] Just dealt to Daenerys.
[2016-10-17 19:24:37.644 GAME] Just dealt to Daenerys.
[2016-10-17 19:24:38.663 GAME] Just dealt to Lysa.
[2016-10-17 19:24:39.679 GAME] Just dealt to Lysa.
[2016-10-17 19:24:40.694 GAME] Just dealt to Lysa.
[2016-10-17 19:24:41.709 GAME] Just dealt to Lysa.
[2016-10-17 19:24:42.728 GAME] Just dealt to Meera.
[2016-10-17 19:24:43.744 GAME] Just dealt to Meera.
[2016-10-17 19:24:44.761 GAME] Just dealt to Meera.
[2016-10-17 19:24:45.778 GAME] Just dealt to Meera.
[2016-10-17 19:24:47.068 GAME] Just dealt to Cersei.
[2016-10-17 19:24:48.081 GAME] Just dealt to Cersei.
[2016-10-17 19:24:49.097 GAME] Just dealt to Cersei.
[2016-10-17 19:24:50.113 GAME] Just dealt to Daenerys.
[2016-10-17 19:24:51.130 GAME] Just dealt to Daenerys.
[2016-10-17 19:24:52.146 GAME] Just dealt to Daenerys.
[2016-10-17 19:24:53.164 GAME] Just dealt to Lysa.
[2016-10-17 19:24:54.180 GAME] Just dealt to Lysa.
[2016-10-17 19:24:55.197 GAME] Just dealt to Lysa.
[2016-10-17 19:24:56.215 GAME] Just dealt to Meera.
[2016-10-17 19:24:57.232 GAME] Just dealt to Meera.
[2016-10-17 19:24:58.246 GAME] Just dealt to Meera.
[2016-10-17 19:24:58.465 GAME] Game State is 'dealing to players'
[2016-10-17 19:24:58.466 MAIN] Pinging Clients.
[2016-10-17 19:24:59.515 GAME] Cersei's bid.
[2016-10-17 19:25:04.887 MAIN] OzWeb500Server terminating.
[2016-10-17 19:25:11.449 MAIN] OzWeb500Server terminating.
[2016-10-17 19:25:11.449 HTTP] HTTP Server stopped.
[2016-10-17 19:25:11.449 SOCK] 192.168.1.7-51912: Socket connection disconnected.
[2016-10-17 19:25:11.450 SOCK] 192.168.1.7-52053: Socket connection disconnected.
[2016-10-17 19:25:11.451 SOCK] 192.168.1.7-51898: Socket connection disconnected.
[2016-10-17 19:25:11.452 SOCK] 192.168.1.7-51902: Socket connection disconnected.
[2016-10-17 19:25:11.452 SOCK] Web Socket Server stopped.
